android/app/build/intermediates/manifest_merge_blame_file/debug/manifest-merger-blame-debug-report.txt
1<?xml version="1.0" encoding="utf-8"?>
2<manifest xmlns:android="http://schemas.android.com/apk/res/android"
3    package="com.reactnativecli"
4    android:versionCode="2"
5    android:versionName="1.1" >
6
7    <uses-sdk
8        android:minSdkVersion="16"
9        android:targetSdkVersion="28" />
10
11    <uses-permission android:name="android.permission.SYSTEM_ALERT_WINDOW" />
11-->src/debug/AndroidManifest.xml:5:5-77
11-->src/debug/AndroidManifest.xml:5:22-75
12    <uses-permission android:name="android.permission.INTERNET" />
12-->src/main/AndroidManifest.xml:4:5-67
12-->src/main/AndroidManifest.xml:4:22-64
13    <uses-permission android:name="android.permission.CAMERA" />
13-->src/main/AndroidManifest.xml:5:1-61
13-->src/main/AndroidManifest.xml:5:18-58
14    <uses-permission android:name="android.permission.WRITE_EXTERNAL_STORAGE" />
14-->src/main/AndroidManifest.xml:6:2-77
14-->src/main/AndroidManifest.xml:6:19-75
15    <uses-permission android:name="android.permission.ACCESS_WIFI_STATE" />
15-->[com.facebook.flipper:flipper:0.33.1] AndroidManifest.xml:16:5-76
15-->[com.facebook.flipper:flipper:0.33.1] AndroidManifest.xml:16:22-73
16    <uses-permission android:name="android.permission.ACCESS_NETWORK_STATE" /> <!-- Required to access Google Play Licensing -->
16-->[:react-native-community_netinfo] AndroidManifest.xml:9:5-79
16-->[:react-native-community_netinfo] AndroidManifest.xml:9:22-76
17    <uses-permission android:name="com.android.vending.CHECK_LICENSE" />
17-->[:rn-fetch-blob] AndroidManifest.xml:12:5-73
17-->[:rn-fetch-blob] AndroidManifest.xml:12:22-70
18    <!--
19         Required to keep CPU alive while downloading files
20        (NOT to keep screen awake)
21    -->
22    <uses-permission android:name="android.permission.WAKE_LOCK" />
22-->[:rn-fetch-blob] AndroidManifest.xml:21:5-68
22-->[:rn-fetch-blob] AndroidManifest.xml:21:22-65
23    <uses-permission android:name="android.permission.RECORD_AUDIO" /> <!-- Required by older versions of Google Play services to create IID tokens -->
23-->[:react-native-audio-record] AndroidManifest.xml:11:5-71
23-->[:react-native-audio-record] AndroidManifest.xml:11:22-68
24    <uses-permission android:name="com.google.android.c2dm.permission.RECEIVE" />
24-->[com.google.android.gms:play-services-iid:17.0.0] AndroidManifest.xml:23:5-82
24-->[com.google.android.gms:play-services-iid:17.0.0] AndroidManifest.xml:23:22-79
25    <uses-permission android:name="com.google.android.finsky.permission.BIND_GET_INSTALL_REFERRER_SERVICE" />
25-->[com.android.installreferrer:installreferrer:1.1.2] AndroidManifest.xml:9:5-110
25-->[com.android.installreferrer:installreferrer:1.1.2] AndroidManifest.xml:9:22-107
26
27    <application
27-->src/main/AndroidManifest.xml:7:5-26:19
28        android:name="com.reactnativecli.MainApplication"
28-->src/main/AndroidManifest.xml:8:7-38
29        android:allowBackup="false"
29-->src/main/AndroidManifest.xml:12:7-34
30        android:appComponentFactory="androidx.core.app.CoreComponentFactory"
30-->[androidx.core:core:1.5.0-alpha04] AndroidManifest.xml:24:18-86
31        android:debuggable="true"
32        android:icon="@mipmap/ic_logo22"
32-->src/main/AndroidManifest.xml:10:7-39
33        android:label="@string/app_name"
33-->src/main/AndroidManifest.xml:9:7-39
34        android:roundIcon="@mipmap/ic_logo22"
34-->src/main/AndroidManifest.xml:11:7-44
35        android:supportsRtl="true"
35-->[:react-native-spinkit] AndroidManifest.xml:11:9-35
36        android:theme="@style/AppTheme"
36-->src/main/AndroidManifest.xml:13:7-38
37        android:usesCleartextTraffic="true" >
37-->src/debug/AndroidManifest.xml:7:18-53
38        <activity
38-->src/main/AndroidManifest.xml:14:7-24:18
39            android:name="com.reactnativecli.MainActivity"
39-->src/main/AndroidManifest.xml:15:9-37
40            android:configChanges="keyboard|keyboardHidden|orientation|screenSize|uiMode"
40-->src/main/AndroidManifest.xml:17:9-86
41            android:label="@string/app_name"
41-->src/main/AndroidManifest.xml:16:9-41
42            android:launchMode="singleTask"
42-->src/main/AndroidManifest.xml:18:9-40
43            android:windowSoftInputMode="adjustPan" >
43-->src/main/AndroidManifest.xml:19:9-48
44            <intent-filter>
44-->src/main/AndroidManifest.xml:20:9-23:25
45                <action android:name="android.intent.action.MAIN" />
45-->src/main/AndroidManifest.xml:21:13-65
45-->src/main/AndroidManifest.xml:21:21-62
46
47                <category android:name="android.intent.category.LAUNCHER" />
47-->src/main/AndroidManifest.xml:22:13-73
47-->src/main/AndroidManifest.xml:22:23-70
48            </intent-filter>
49        </activity>
50        <activity android:name="com.facebook.react.devsupport.DevSettingsActivity" />
50-->src/main/AndroidManifest.xml:25:7-84
50-->src/main/AndroidManifest.xml:25:17-81
51
52        <receiver
52-->[:react-native-device-info] AndroidManifest.xml:13:9-21:20
53            android:name="com.learnium.RNDeviceInfo.RNDeviceReceiver"
53-->[:react-native-device-info] AndroidManifest.xml:14:13-70
54            android:enabled="true"
54-->[:react-native-device-info] AndroidManifest.xml:15:13-35
55            android:exported="true" >
55-->[:react-native-device-info] AndroidManifest.xml:16:13-36
56            <intent-filter>
56-->[:react-native-device-info] AndroidManifest.xml:18:13-20:29
57                <action android:name="com.android.vending.INSTALL_REFERRER" />
57-->[:react-native-device-info] AndroidManifest.xml:19:17-79
57-->[:react-native-device-info] AndroidManifest.xml:19:25-76
58            </intent-filter>
59        </receiver>
60
61        <provider
61-->[:react-native-image-picker] AndroidManifest.xml:10:9-18:20
62            android:name="com.imagepicker.FileProvider"
62-->[:react-native-image-picker] AndroidManifest.xml:11:13-56
63            android:authorities="com.reactnativecli.provider"
63-->[:react-native-image-picker] AndroidManifest.xml:12:13-60
64            android:exported="false"
64-->[:react-native-image-picker] AndroidManifest.xml:13:13-37
65            android:grantUriPermissions="true" >
65-->[:react-native-image-picker] AndroidManifest.xml:14:13-47
66            <meta-data
66-->[:react-native-image-picker] AndroidManifest.xml:15:13-17:58
67                android:name="android.support.FILE_PROVIDER_PATHS"
67-->[:react-native-image-picker] AndroidManifest.xml:16:17-67
68                android:resource="@xml/provider_paths" />
68-->[:react-native-image-picker] AndroidManifest.xml:17:17-55
69        </provider>
70        <provider
70-->[:rn-fetch-blob] AndroidManifest.xml:36:9-44:20
71            android:name="com.RNFetchBlob.Utils.FileProvider"
71-->[:rn-fetch-blob] AndroidManifest.xml:37:13-62
72            android:authorities="com.reactnativecli.provider"
72-->[:rn-fetch-blob] AndroidManifest.xml:38:13-60
73            android:exported="false"
73-->[:rn-fetch-blob] AndroidManifest.xml:39:13-37
74            android:grantUriPermissions="true" >
74-->[:rn-fetch-blob] AndroidManifest.xml:40:13-47
75            <meta-data
75-->[:react-native-image-picker] AndroidManifest.xml:15:13-17:58
76                android:name="android.support.FILE_PROVIDER_PATHS"
76-->[:react-native-image-picker] AndroidManifest.xml:16:17-67
77                android:resource="@xml/provider_paths" />
77-->[:react-native-image-picker] AndroidManifest.xml:17:17-55
78        </provider>
79
80        <activity
80-->[com.google.android.gms:play-services-base:17.0.0] AndroidManifest.xml:23:9-26:75
81            android:name="com.google.android.gms.common.api.GoogleApiActivity"
81-->[com.google.android.gms:play-services-base:17.0.0] AndroidManifest.xml:24:13-79
82            android:exported="false"
82-->[com.google.android.gms:play-services-base:17.0.0] AndroidManifest.xml:25:13-37
83            android:theme="@android:style/Theme.Translucent.NoTitleBar" />
83-->[com.google.android.gms:play-services-base:17.0.0] AndroidManifest.xml:26:13-72
84
85        <meta-data
85-->[com.google.android.gms:play-services-basement:17.0.0] AndroidManifest.xml:23:9-25:69
86            android:name="com.google.android.gms.version"
86-->[com.google.android.gms:play-services-basement:17.0.0] AndroidManifest.xml:24:13-58
87            android:value="@integer/google_play_services_version" />
87-->[com.google.android.gms:play-services-basement:17.0.0] AndroidManifest.xml:25:13-66
88    </application>
89
90</manifest>